<?xml version="1.0" encoding="UTF-8"?>
<!-- Generated by org.testng.reporters.JUnitReportReporter -->
<testsuite hostname="DESKTOP-VG699MK" failures="0" tests="2" name="Practice.SampleGET_POST_PUT_DELETE" time="2.611" errors="0" timestamp="2025-12-25T22:24:05 IST" skipped="0">
  <testcase classname="Practice.SampleGET_POST_PUT_DELETE" name="GET_StatusCode" time="2.519"/>
  <system-out/>
  <testcase classname="Practice.SampleGET_POST_PUT_DELETE" name="POST_StatusCode" time="0.092"/>
  <system-out/>
</testsuite> <!-- Practice.SampleGET_POST_PUT_DELETE -->
