<?xml version="1.0" encoding="UTF-8"?>
<!-- Generated by org.testng.reporters.JUnitReportReporter -->
<testsuite hostname="DESKTOP-VG699MK" failures="0" tests="6" name="Tests.LoginTest" time="24.265" errors="0" timestamp="2025-12-25T18:28:08 IST" skipped="0">
  <testcase classname="Tests.LoginTest" name="VerifyURL" time="5.419"/>
  <system-out/>
  <testcase classname="Tests.LoginTest" name="Verify_LogoIsVisible_in_login" time="0.090"/>
  <system-out/>
  <testcase classname="Tests.LoginTest" name="Login_ValidCredentials" time="10.002"/>
  <system-out/>
  <testcase classname="Tests.LoginTest" name="Login_InValidCredentials" time="5.808"/>
  <system-out/>
  <testcase classname="Tests.LoginTest" name="Login_EmptyCredentials" time="1.200"/>
  <system-out/>
  <testcase classname="Tests.LoginTest" name="Verify_Forgot_password_link" time="1.746"/>
  <system-out/>
</testsuite> <!-- Tests.LoginTest -->
