<?xml version="1.0" encoding="UTF-8"?>
<!-- Generated by org.testng.reporters.JUnitReportReporter -->
<testsuite hostname="DESKTOP-VG699MK" failures="1" tests="19" name="Tests.DashboardTest" time="36.337" errors="0" timestamp="2025-12-25T18:28:08 IST" skipped="0">
  <testcase classname="Tests.DashboardTest" name="Verify_Valid_Login_Credentials" time="6.346"/>
  <system-out/>
  <testcase classname="Tests.DashboardTest" name="Verify_PageTitle" time="0.024"/>
  <system-out/>
  <testcase classname="Tests.DashboardTest" name="Verify_LogoIsVisible" time="0.063"/>
  <system-out/>
  <testcase classname="Tests.DashboardTest" name="Verify_Upgrade_button" time="1.094"/>
  <system-out/>
  <testcase classname="Tests.DashboardTest" name="Verify_Profile_button" time="1.095"/>
  <system-out/>
  <testcase classname="Tests.DashboardTest" name="Verify_LoggedIn_Username_Display" time="0.078">
    <failure message="Logged-in username is NOT Displayed correctly. expected [Admin] but found [manda user]" type="java.lang.AssertionError">
      <![CDATA[java.lang.AssertionError: Logged-in username is NOT Displayed correctly. expected [Admin] but found [manda user]
at org.testng.Assert.fail(Assert.java:99)
at org.testng.Assert.failNotEquals(Assert.java:1037)
at org.testng.Assert.assertEqualsImpl(Assert.java:140)
at org.testng.Assert.assertEquals(Assert.java:122)
at org.testng.Assert.assertEquals(Assert.java:629)
at Tests.DashboardTest.Verify_LoggedIn_Username_Display(DashboardTest.java:112)
at java.base/jdk.internal.reflect.DirectMethodHandleAccessor.invoke(DirectMethodHandleAccessor.java:103)
at java.base/java.lang.reflect.Method.invoke(Method.java:580)
at org.testng.internal.MethodInvocationHelper.invokeMethod(MethodInvocationHelper.java:133)
at org.testng.internal.TestInvoker.invokeMethod(TestInvoker.java:598)
at org.testng.internal.TestInvoker.invokeTestMethod(TestInvoker.java:173)
at org.testng.internal.MethodRunner.runInSequence(MethodRunner.java:46)
at org.testng.internal.TestInvoker$MethodInvocationAgent.invoke(TestInvoker.java:824)
at org.testng.internal.TestInvoker.invokeTestMethods(TestInvoker.java:146)
at org.testng.internal.TestMethodWorker.invokeTestMethods(TestMethodWorker.java:146)
at org.testng.internal.TestMethodWorker.run(TestMethodWorker.java:128)
at java.base/java.util.ArrayList.forEach(ArrayList.java:1596)
at org.testng.TestRunner.privateRun(TestRunner.java:794)
at org.testng.TestRunner.run(TestRunner.java:596)
at org.testng.SuiteRunner.runTest(SuiteRunner.java:377)
at org.testng.SuiteRunner.runSequentially(SuiteRunner.java:371)
at org.testng.SuiteRunner.privateRun(SuiteRunner.java:332)
at org.testng.SuiteRunner.run(SuiteRunner.java:276)
at org.testng.SuiteRunnerWorker.runSuite(SuiteRunnerWorker.java:53)
at org.testng.SuiteRunnerWorker.run(SuiteRunnerWorker.java:96)
at org.testng.TestNG.runSuitesSequentially(TestNG.java:1212)
at org.testng.TestNG.runSuitesLocally(TestNG.java:1134)
at org.testng.TestNG.runSuites(TestNG.java:1063)
at org.testng.TestNG.run(TestNG.java:1031)
at org.testng.remote.AbstractRemoteTestNG.run(AbstractRemoteTestNG.java:115)
at org.testng.remote.RemoteTestNG.initAndRun(RemoteTestNG.java:293)
at org.testng.remote.RemoteTestNG.main(RemoteTestNG.java:91)
]]>
    </failure>
  </testcase> <!-- Verify_LoggedIn_Username_Display -->
  <system-out/>
  <testcase classname="Tests.DashboardTest" name="Verify_Menus_are_displayed" time="0.561"/>
  <system-out/>
  <testcase classname="Tests.DashboardTest" name="Verify_Clicking_Admin_Page_displayed" time="1.961"/>
  <system-out/>
  <testcase classname="Tests.DashboardTest" name="Verify_Clicking_PIM_Page_displayed" time="2.177"/>
  <system-out/>
  <testcase classname="Tests.DashboardTest" name="Verify_Clicking_Leave_Page_displayed" time="2.394"/>
  <system-out/>
  <testcase classname="Tests.DashboardTest" name="Verify_Clicking_Time_Page_displayed" time="2.154"/>
  <system-out/>
  <testcase classname="Tests.DashboardTest" name="Verify_Clicking_Recruitment_Page_displayed" time="2.706"/>
  <system-out/>
  <testcase classname="Tests.DashboardTest" name="Verify_Clicking_My_Info_Page_displayed" time="2.496"/>
  <system-out/>
  <testcase classname="Tests.DashboardTest" name="Verify_Clicking_Performance_Page_displayed" time="2.390"/>
  <system-out/>
  <testcase classname="Tests.DashboardTest" name="Verify_Clicking_Dashboard_Page_displayed" time="2.439"/>
  <system-out/>
  <testcase classname="Tests.DashboardTest" name="Verify_Clicking_Directory_Page_displayed" time="1.812"/>
  <system-out/>
  <testcase classname="Tests.DashboardTest" name="Verify_Clicking_Maintenance_Page_displayed" time="2.324"/>
  <system-out/>
  <testcase classname="Tests.DashboardTest" name="Verify_Clicking_Claim_Page_displayed" time="2.290"/>
  <system-out/>
  <testcase classname="Tests.DashboardTest" name="Verify_Clicking_Buzz_Page_displayed" time="1.933"/>
  <system-out/>
</testsuite> <!-- Tests.DashboardTest -->
