<?xml version="1.0" encoding="UTF-8"?>
<!-- Generated by org.testng.reporters.JUnitXMLReporter -->
<testsuite ignored="0" hostname="DESKTOP-VG699MK" failures="0" tests="4" name="Default test" time="16.044" errors="0" timestamp="2025-12-25T18:03:02 IST">
  <testcase classname="Tests.DashboardTest" name="Verify_Valid_Login_Credentials" time="6.769"/>
  <testcase classname="Tests.DashboardTest" name="Verify_PageTitle" time="0.069"/>
  <testcase classname="Tests.DashboardTest" name="Verify_LogoIsVisible" time="0.136"/>
  <testcase classname="Tests.DashboardTest" name="Verify_Update_button" time="1.124"/>
</testsuite> <!-- Default test -->
