<?xml version="1.0" encoding="UTF-8"?>
<!-- Generated by org.testng.reporters.JUnitXMLReporter -->
<testsuite ignored="0" hostname="DESKTOP-VG699MK" failures="1" tests="25" name="Test" time="83.534" errors="0" timestamp="2025-12-25T18:28:07 IST">
  <testcase classname="Tests.LoginTest" name="VerifyURL" time="5.419"/>
  <testcase classname="Tests.LoginTest" name="Verify_LogoIsVisible_in_login" time="0.09"/>
  <testcase classname="Tests.LoginTest" name="Login_ValidCredentials" time="10.002"/>
  <testcase classname="Tests.LoginTest" name="Login_InValidCredentials" time="5.808"/>
  <testcase classname="Tests.LoginTest" name="Login_EmptyCredentials" time="1.2"/>
  <testcase classname="Tests.LoginTest" name="Verify_Forgot_password_link" time="1.746"/>
  <testcase classname="Tests.DashboardTest" name="Verify_Valid_Login_Credentials" time="6.346"/>
  <testcase classname="Tests.DashboardTest" name="Verify_PageTitle" time="0.024"/>
  <testcase classname="Tests.DashboardTest" name="Verify_LogoIsVisible" time="0.063"/>
  <testcase classname="Tests.DashboardTest" name="Verify_Upgrade_button" time="1.094"/>
  <testcase classname="Tests.DashboardTest" name="Verify_Profile_button" time="1.095"/>
  <testcase classname="Tests.DashboardTest" name="Verify_LoggedIn_Username_Display" time="0.078">
    <failure type="java.lang.AssertionError" message="Logged-in username is NOT Displayed correctly. expected [Admin] but found [manda user]">
      <![CDATA[java.lang.AssertionError: Logged-in username is NOT Displayed correctly. expected [Admin] but found [manda user]
at Tests.DashboardTest.Verify_LoggedIn_Username_Display(DashboardTest.java:112)
at java.base/java.util.ArrayList.forEach(ArrayList.java:1596)
... Removed 30 stack frames]]>
    </failure>
  </testcase> <!-- Verify_LoggedIn_Username_Display -->
  <testcase classname="Tests.DashboardTest" name="Verify_Menus_are_displayed" time="0.561"/>
  <testcase classname="Tests.DashboardTest" name="Verify_Clicking_Admin_Page_displayed" time="1.961"/>
  <testcase classname="Tests.DashboardTest" name="Verify_Clicking_PIM_Page_displayed" time="2.177"/>
  <testcase classname="Tests.DashboardTest" name="Verify_Clicking_Leave_Page_displayed" time="2.394"/>
  <testcase classname="Tests.DashboardTest" name="Verify_Clicking_Time_Page_displayed" time="2.154"/>
  <testcase classname="Tests.DashboardTest" name="Verify_Clicking_Recruitment_Page_displayed" time="2.706"/>
  <testcase classname="Tests.DashboardTest" name="Verify_Clicking_My_Info_Page_displayed" time="2.496"/>
  <testcase classname="Tests.DashboardTest" name="Verify_Clicking_Performance_Page_displayed" time="2.39"/>
  <testcase classname="Tests.DashboardTest" name="Verify_Clicking_Dashboard_Page_displayed" time="2.439"/>
  <testcase classname="Tests.DashboardTest" name="Verify_Clicking_Directory_Page_displayed" time="1.812"/>
  <testcase classname="Tests.DashboardTest" name="Verify_Clicking_Maintenance_Page_displayed" time="2.324"/>
  <testcase classname="Tests.DashboardTest" name="Verify_Clicking_Claim_Page_displayed" time="2.29"/>
  <testcase classname="Tests.DashboardTest" name="Verify_Clicking_Buzz_Page_displayed" time="1.933"/>
</testsuite> <!-- Test -->
