<?xml version="1.0" encoding="UTF-8"?>
<testng-results ignored="0" total="25" passed="24" failed="1" skipped="0">
  <reporter-output>
  </reporter-output>
  <suite started-at="2025-12-25T18:26:44 IST" name="Suite" finished-at="2025-12-25T18:28:07 IST" duration-ms="83534">
    <groups>
    </groups>
    <test started-at="2025-12-25T18:26:44 IST" name="Test" finished-at="2025-12-25T18:28:07 IST" duration-ms="83534">
      <class name="Tests.DashboardTest">
        <test-method is-config="true" signature="setup(org.testng.ITestContext)[pri:0, instance:Tests.DashboardTest@37afeb11]" started-at="2025-12-25T18:27:17 IST" name="setup" finished-at="2025-12-25T18:27:23 IST" duration-ms="5801" status="PASS">
          <params>
            <param index="0">
              <value>
                <![CDATA[org.testng.TestRunner@b34832b]]>
              </value>
            </param>
          </params>
          <reporter-output>
          </reporter-output>
        </test-method> <!-- setup -->
        <test-method signature="Verify_Valid_Login_Credentials()[pri:1, instance:Tests.DashboardTest@37afeb11]" started-at="2025-12-25T18:27:23 IST" name="Verify_Valid_Login_Credentials" finished-at="2025-12-25T18:27:29 IST" duration-ms="6346" status="PASS">
          <reporter-output>
          </reporter-output>
        </test-method> <!-- Verify_Valid_Login_Credentials -->
        <test-method signature="Verify_PageTitle()[pri:2, instance:Tests.DashboardTest@37afeb11]" started-at="2025-12-25T18:27:30 IST" name="Verify_PageTitle" finished-at="2025-12-25T18:27:30 IST" duration-ms="24" status="PASS">
          <reporter-output>
          </reporter-output>
        </test-method> <!-- Verify_PageTitle -->
        <test-method signature="Verify_LogoIsVisible()[pri:3, instance:Tests.DashboardTest@37afeb11]" started-at="2025-12-25T18:27:30 IST" name="Verify_LogoIsVisible" finished-at="2025-12-25T18:27:30 IST" duration-ms="63" status="PASS">
          <reporter-output>
          </reporter-output>
        </test-method> <!-- Verify_LogoIsVisible -->
        <test-method signature="Verify_Upgrade_button()[pri:4, instance:Tests.DashboardTest@37afeb11]" started-at="2025-12-25T18:27:31 IST" name="Verify_Upgrade_button" finished-at="2025-12-25T18:27:32 IST" duration-ms="1094" status="PASS">
          <reporter-output>
          </reporter-output>
        </test-method> <!-- Verify_Upgrade_button -->
        <test-method signature="Verify_Profile_button()[pri:5, instance:Tests.DashboardTest@37afeb11]" started-at="2025-12-25T18:27:32 IST" name="Verify_Profile_button" finished-at="2025-12-25T18:27:33 IST" duration-ms="1095" status="PASS">
          <reporter-output>
          </reporter-output>
        </test-method> <!-- Verify_Profile_button -->
        <test-method signature="Verify_LoggedIn_Username_Display()[pri:6, instance:Tests.DashboardTest@37afeb11]" started-at="2025-12-25T18:27:33 IST" name="Verify_LoggedIn_Username_Display" finished-at="2025-12-25T18:27:34 IST" duration-ms="78" status="FAIL">
          <exception class="java.lang.AssertionError">
            <message>
              <![CDATA[Logged-in username is NOT Displayed correctly. expected [Admin] but found [manda user]]]>
            </message>
            <full-stacktrace>
              <![CDATA[java.lang.AssertionError: Logged-in username is NOT Displayed correctly. expected [Admin] but found [manda user]
at org.testng.Assert.fail(Assert.java:99)
at org.testng.Assert.failNotEquals(Assert.java:1037)
at org.testng.Assert.assertEqualsImpl(Assert.java:140)
at org.testng.Assert.assertEquals(Assert.java:122)
at org.testng.Assert.assertEquals(Assert.java:629)
at Tests.DashboardTest.Verify_LoggedIn_Username_Display(DashboardTest.java:112)
at java.base/jdk.internal.reflect.DirectMethodHandleAccessor.invoke(DirectMethodHandleAccessor.java:103)
at java.base/java.lang.reflect.Method.invoke(Method.java:580)
at org.testng.internal.MethodInvocationHelper.invokeMethod(MethodInvocationHelper.java:133)
at org.testng.internal.TestInvoker.invokeMethod(TestInvoker.java:598)
at org.testng.internal.TestInvoker.invokeTestMethod(TestInvoker.java:173)
at org.testng.internal.MethodRunner.runInSequence(MethodRunner.java:46)
at org.testng.internal.TestInvoker$MethodInvocationAgent.invoke(TestInvoker.java:824)
at org.testng.internal.TestInvoker.invokeTestMethods(TestInvoker.java:146)
at org.testng.internal.TestMethodWorker.invokeTestMethods(TestMethodWorker.java:146)
at org.testng.internal.TestMethodWorker.run(TestMethodWorker.java:128)
at java.base/java.util.ArrayList.forEach(ArrayList.java:1596)
at org.testng.TestRunner.privateRun(TestRunner.java:794)
at org.testng.TestRunner.run(TestRunner.java:596)
at org.testng.SuiteRunner.runTest(SuiteRunner.java:377)
at org.testng.SuiteRunner.runSequentially(SuiteRunner.java:371)
at org.testng.SuiteRunner.privateRun(SuiteRunner.java:332)
at org.testng.SuiteRunner.run(SuiteRunner.java:276)
at org.testng.SuiteRunnerWorker.runSuite(SuiteRunnerWorker.java:53)
at org.testng.SuiteRunnerWorker.run(SuiteRunnerWorker.java:96)
at org.testng.TestNG.runSuitesSequentially(TestNG.java:1212)
at org.testng.TestNG.runSuitesLocally(TestNG.java:1134)
at org.testng.TestNG.runSuites(TestNG.java:1063)
at org.testng.TestNG.run(TestNG.java:1031)
at org.testng.remote.AbstractRemoteTestNG.run(AbstractRemoteTestNG.java:115)
at org.testng.remote.RemoteTestNG.initAndRun(RemoteTestNG.java:293)
at org.testng.remote.RemoteTestNG.main(RemoteTestNG.java:91)
]]>
            </full-stacktrace>
          </exception> <!-- java.lang.AssertionError -->
          <reporter-output>
          </reporter-output>
        </test-method> <!-- Verify_LoggedIn_Username_Display -->
        <test-method signature="Verify_Menus_are_displayed()[pri:7, instance:Tests.DashboardTest@37afeb11]" started-at="2025-12-25T18:27:34 IST" name="Verify_Menus_are_displayed" finished-at="2025-12-25T18:27:34 IST" duration-ms="561" status="PASS">
          <reporter-output>
          </reporter-output>
        </test-method> <!-- Verify_Menus_are_displayed -->
        <test-method signature="Verify_Clicking_Admin_Page_displayed()[pri:8, instance:Tests.DashboardTest@37afeb11]" started-at="2025-12-25T18:27:35 IST" name="Verify_Clicking_Admin_Page_displayed" finished-at="2025-12-25T18:27:37 IST" duration-ms="1961" status="PASS">
          <reporter-output>
          </reporter-output>
        </test-method> <!-- Verify_Clicking_Admin_Page_displayed -->
        <test-method signature="Verify_Clicking_PIM_Page_displayed()[pri:9, instance:Tests.DashboardTest@37afeb11]" started-at="2025-12-25T18:27:37 IST" name="Verify_Clicking_PIM_Page_displayed" finished-at="2025-12-25T18:27:39 IST" duration-ms="2177" status="PASS">
          <reporter-output>
          </reporter-output>
        </test-method> <!-- Verify_Clicking_PIM_Page_displayed -->
        <test-method signature="Verify_Clicking_Leave_Page_displayed()[pri:10, instance:Tests.DashboardTest@37afeb11]" started-at="2025-12-25T18:27:40 IST" name="Verify_Clicking_Leave_Page_displayed" finished-at="2025-12-25T18:27:42 IST" duration-ms="2394" status="PASS">
          <reporter-output>
          </reporter-output>
        </test-method> <!-- Verify_Clicking_Leave_Page_displayed -->
        <test-method signature="Verify_Clicking_Time_Page_displayed()[pri:11, instance:Tests.DashboardTest@37afeb11]" started-at="2025-12-25T18:27:43 IST" name="Verify_Clicking_Time_Page_displayed" finished-at="2025-12-25T18:27:45 IST" duration-ms="2154" status="PASS">
          <reporter-output>
          </reporter-output>
        </test-method> <!-- Verify_Clicking_Time_Page_displayed -->
        <test-method signature="Verify_Clicking_Recruitment_Page_displayed()[pri:12, instance:Tests.DashboardTest@37afeb11]" started-at="2025-12-25T18:27:45 IST" name="Verify_Clicking_Recruitment_Page_displayed" finished-at="2025-12-25T18:27:48 IST" duration-ms="2706" status="PASS">
          <reporter-output>
          </reporter-output>
        </test-method> <!-- Verify_Clicking_Recruitment_Page_displayed -->
        <test-method signature="Verify_Clicking_My_Info_Page_displayed()[pri:13, instance:Tests.DashboardTest@37afeb11]" started-at="2025-12-25T18:27:48 IST" name="Verify_Clicking_My_Info_Page_displayed" finished-at="2025-12-25T18:27:51 IST" duration-ms="2496" status="PASS">
          <reporter-output>
          </reporter-output>
        </test-method> <!-- Verify_Clicking_My_Info_Page_displayed -->
        <test-method signature="Verify_Clicking_Performance_Page_displayed()[pri:14, instance:Tests.DashboardTest@37afeb11]" started-at="2025-12-25T18:27:51 IST" name="Verify_Clicking_Performance_Page_displayed" finished-at="2025-12-25T18:27:54 IST" duration-ms="2390" status="PASS">
          <reporter-output>
          </reporter-output>
        </test-method> <!-- Verify_Clicking_Performance_Page_displayed -->
        <test-method signature="Verify_Clicking_Dashboard_Page_displayed()[pri:15, instance:Tests.DashboardTest@37afeb11]" started-at="2025-12-25T18:27:54 IST" name="Verify_Clicking_Dashboard_Page_displayed" finished-at="2025-12-25T18:27:56 IST" duration-ms="2439" status="PASS">
          <reporter-output>
          </reporter-output>
        </test-method> <!-- Verify_Clicking_Dashboard_Page_displayed -->
        <test-method signature="Verify_Clicking_Directory_Page_displayed()[pri:16, instance:Tests.DashboardTest@37afeb11]" started-at="2025-12-25T18:27:57 IST" name="Verify_Clicking_Directory_Page_displayed" finished-at="2025-12-25T18:27:59 IST" duration-ms="1812" status="PASS">
          <reporter-output>
          </reporter-output>
        </test-method> <!-- Verify_Clicking_Directory_Page_displayed -->
        <test-method signature="Verify_Clicking_Maintenance_Page_displayed()[pri:17, instance:Tests.DashboardTest@37afeb11]" started-at="2025-12-25T18:27:59 IST" name="Verify_Clicking_Maintenance_Page_displayed" finished-at="2025-12-25T18:28:01 IST" duration-ms="2324" status="PASS">
          <reporter-output>
          </reporter-output>
        </test-method> <!-- Verify_Clicking_Maintenance_Page_displayed -->
        <test-method signature="Verify_Clicking_Claim_Page_displayed()[pri:18, instance:Tests.DashboardTest@37afeb11]" started-at="2025-12-25T18:28:02 IST" name="Verify_Clicking_Claim_Page_displayed" finished-at="2025-12-25T18:28:04 IST" duration-ms="2290" status="PASS">
          <reporter-output>
          </reporter-output>
        </test-method> <!-- Verify_Clicking_Claim_Page_displayed -->
        <test-method signature="Verify_Clicking_Buzz_Page_displayed()[pri:19, instance:Tests.DashboardTest@37afeb11]" started-at="2025-12-25T18:28:04 IST" name="Verify_Clicking_Buzz_Page_displayed" finished-at="2025-12-25T18:28:06 IST" duration-ms="1933" status="PASS">
          <reporter-output>
          </reporter-output>
        </test-method> <!-- Verify_Clicking_Buzz_Page_displayed -->
        <test-method is-config="true" signature="teardown()[pri:0, instance:Tests.DashboardTest@37afeb11]" started-at="2025-12-25T18:28:07 IST" name="teardown" finished-at="2025-12-25T18:28:07 IST" duration-ms="366" status="PASS">
          <reporter-output>
          </reporter-output>
        </test-method> <!-- teardown -->
      </class> <!-- Tests.DashboardTest -->
      <class name="Tests.LoginTest">
        <test-method is-config="true" signature="setup(org.testng.ITestContext)[pri:0, instance:Tests.LoginTest@59309333]" started-at="2025-12-25T18:26:44 IST" name="setup" finished-at="2025-12-25T18:26:51 IST" duration-ms="6590" status="PASS">
          <params>
            <param index="0">
              <value>
                <![CDATA[org.testng.TestRunner@b34832b]]>
              </value>
            </param>
          </params>
          <reporter-output>
          </reporter-output>
        </test-method> <!-- setup -->
        <test-method signature="VerifyURL()[pri:1, instance:Tests.LoginTest@59309333]" started-at="2025-12-25T18:26:51 IST" name="VerifyURL" finished-at="2025-12-25T18:26:56 IST" duration-ms="5419" status="PASS">
          <reporter-output>
          </reporter-output>
        </test-method> <!-- VerifyURL -->
        <test-method signature="Verify_LogoIsVisible_in_login()[pri:2, instance:Tests.LoginTest@59309333]" started-at="2025-12-25T18:26:56 IST" name="Verify_LogoIsVisible_in_login" finished-at="2025-12-25T18:26:57 IST" duration-ms="90" status="PASS">
          <reporter-output>
          </reporter-output>
        </test-method> <!-- Verify_LogoIsVisible_in_login -->
        <test-method signature="Login_ValidCredentials()[pri:3, instance:Tests.LoginTest@59309333]" started-at="2025-12-25T18:26:57 IST" name="Login_ValidCredentials" finished-at="2025-12-25T18:27:07 IST" duration-ms="10002" status="PASS">
          <reporter-output>
          </reporter-output>
        </test-method> <!-- Login_ValidCredentials -->
        <test-method signature="Login_InValidCredentials()[pri:4, instance:Tests.LoginTest@59309333]" started-at="2025-12-25T18:27:07 IST" name="Login_InValidCredentials" finished-at="2025-12-25T18:27:13 IST" duration-ms="5808" status="PASS">
          <reporter-output>
          </reporter-output>
        </test-method> <!-- Login_InValidCredentials -->
        <test-method signature="Login_EmptyCredentials()[pri:5, instance:Tests.LoginTest@59309333]" started-at="2025-12-25T18:27:13 IST" name="Login_EmptyCredentials" finished-at="2025-12-25T18:27:15 IST" duration-ms="1200" status="PASS">
          <reporter-output>
          </reporter-output>
        </test-method> <!-- Login_EmptyCredentials -->
        <test-method signature="Verify_Forgot_password_link()[pri:6, instance:Tests.LoginTest@59309333]" started-at="2025-12-25T18:27:15 IST" name="Verify_Forgot_password_link" finished-at="2025-12-25T18:27:17 IST" duration-ms="1746" status="PASS">
          <reporter-output>
          </reporter-output>
        </test-method> <!-- Verify_Forgot_password_link -->
        <test-method is-config="true" signature="teardown()[pri:0, instance:Tests.LoginTest@59309333]" started-at="2025-12-25T18:27:17 IST" name="teardown" finished-at="2025-12-25T18:27:17 IST" duration-ms="386" status="PASS">
          <reporter-output>
          </reporter-output>
        </test-method> <!-- teardown -->
      </class> <!-- Tests.LoginTest -->
    </test> <!-- Test -->
  </suite> <!-- Suite -->
</testng-results>
